# JRE version: Java(TM) SE Runtime Environment (8.0_162-b12) (build 1.8.0_162-b12)
# Java VM: Java HotSpot(TM) 64-Bit Server VM (25.162-b12 mixed mode windows-amd64 compressed oops)
Heap:
 PSYoungGen      total 278016K, used 108848K [0x00000000eab00000, 0x00000000ff200000, 0x0000000100000000)
  eden space 247296K, 33% used [0x00000000eab00000,0x00000000efb87448,0x00000000f9c80000)
  from space 30720K, 85% used [0x00000000fbd80000,0x00000000fd744c58,0x00000000fdb80000)
  to   space 33792K, 0% used [0x00000000f9c80000,0x00000000f9c80000,0x00000000fbd80000)
 ParOldGen       total 112128K, used 56899K [0x00000000c0000000, 0x00000000c6d80000, 0x00000000eab00000)
  object space 112128K, 50% used [0x00000000c0000000,0x00000000c3790d90,0x00000000c6d80000)
 Metaspace       used 75121K, capacity 77474K, committed 77656K, reserved 1116160K
  class space    used 9924K, capacity 10506K, committed 10624K, reserved 1048576K
GC Heap History (10 events):
Event: 186.158 GC heap before
{Heap before GC invocations=19 (full 3):
 PSYoungGen      total 165888K, used 151748K [0x00000000eab00000, 0x00000000f8f80000, 0x0000000100000000)
  eden space 146432K, 100% used [0x00000000eab00000,0x00000000f3a00000,0x00000000f3a00000)
  from space 19456K, 27% used [0x00000000f3a00000,0x00000000f3f310c0,0x00000000f4d00000)
  to   space 19456K, 0% used [0x00000000f7c80000,0x00000000f7c80000,0x00000000f8f80000)
 ParOldGen       total 112128K, used 35831K [0x00000000c0000000, 0x00000000c6d80000, 0x00000000eab00000)
  object space 112128K, 31% used [0x00000000c0000000,0x00000000c22fdf38,0x00000000c6d80000)
 Metaspace       used 60947K, capacity 62812K, committed 63064K, reserved 1103872K
  class space    used 8252K, capacity 8725K, committed 8832K, reserved 1048576K
Event: 186.166 GC heap after
Heap after GC invocations=19 (full 3):
 PSYoungGen      total 203264K, used 2704K [0x00000000eab00000, 0x00000000f8a00000, 0x0000000100000000)
  eden space 189440K, 0% used [0x00000000eab00000,0x00000000eab00000,0x00000000f6400000)
  from space 13824K, 19% used [0x00000000f7c80000,0x00000000f7f24050,0x00000000f8a00000)
  to   space 19456K, 0% used [0x00000000f6400000,0x00000000f6400000,0x00000000f7700000)
 ParOldGen       total 112128K, used 35839K [0x00000000c0000000, 0x00000000c6d80000, 0x00000000eab00000)
  object space 112128K, 31% used [0x00000000c0000000,0x00000000c22fff38,0x00000000c6d80000)
 Metaspace       used 60947K, capacity 62812K, committed 63064K, reserved 1103872K
  class space    used 8252K, capacity 8725K, committed 8832K, reserved 1048576K
}
Event: 196.850 GC heap before
{Heap before GC invocations=20 (full 3):
 PSYoungGen      total 203264K, used 191892K [0x00000000eab00000, 0x00000000f8a00000, 0x0000000100000000)
  eden space 189440K, 99% used [0x00000000eab00000,0x00000000f63c1388,0x00000000f6400000)
  from space 13824K, 19% used [0x00000000f7c80000,0x00000000f7f24050,0x00000000f8a00000)
  to   space 19456K, 0% used [0x00000000f6400000,0x00000000f6400000,0x00000000f7700000)
 ParOldGen       total 112128K, used 35839K [0x00000000c0000000, 0x00000000c6d80000, 0x00000000eab00000)
  object space 112128K, 31% used [0x00000000c0000000,0x00000000c22fff38,0x00000000c6d80000)
 Metaspace       used 64815K, capacity 66688K, committed 66904K, reserved 1107968K
  class space    used 8765K, capacity 9273K, committed 9344K, reserved 1048576K
Event: 196.870 GC heap after
Heap after GC invocations=20 (full 3):
 PSYoungGen      total 208896K, used 6504K [0x00000000eab00000, 0x00000000fa880000, 0x0000000100000000)
  eden space 189440K, 0% used [0x00000000eab00000,0x00000000eab00000,0x00000000f6400000)
  from space 19456K, 33% used [0x00000000f6400000,0x00000000f6a5a1e0,0x00000000f7700000)
  to   space 18944K, 0% used [0x00000000f9600000,0x00000000f9600000,0x00000000fa880000)
 ParOldGen       total 112128K, used 38012K [0x00000000c0000000, 0x00000000c6d80000, 0x00000000eab00000)
  object space 112128K, 33% used [0x00000000c0000000,0x00000000c251f108,0x00000000c6d80000)
 Metaspace       used 64815K, capacity 66688K, committed 66904K, reserved 1107968K
  class space    used 8765K, capacity 9273K, committed 9344K, reserved 1048576K
}
Event: 223.255 GC heap before
{Heap before GC invocations=21 (full 3):
 PSYoungGen      total 208896K, used 195944K [0x00000000eab00000, 0x00000000fa880000, 0x0000000100000000)
  eden space 189440K, 100% used [0x00000000eab00000,0x00000000f6400000,0x00000000f6400000)
  from space 19456K, 33% used [0x00000000f6400000,0x00000000f6a5a1e0,0x00000000f7700000)
  to   space 18944K, 0% used [0x00000000f9600000,0x00000000f9600000,0x00000000fa880000)
 ParOldGen       total 112128K, used 38012K [0x00000000c0000000, 0x00000000c6d80000, 0x00000000eab00000)
  object space 112128K, 33% used [0x00000000c0000000,0x00000000c251f108,0x00000000c6d80000)
 Metaspace       used 66552K, capacity 68454K, committed 68568K, reserved 1107968K
  class space    used 8879K, capacity 9370K, committed 9472K, reserved 1048576K
Event: 223.291 GC heap after
Heap after GC invocations=21 (full 3):
 PSYoungGen      total 235520K, used 16191K [0x00000000eab00000, 0x00000000fa780000, 0x0000000100000000)
  eden space 217600K, 0% used [0x00000000eab00000,0x00000000eab00000,0x00000000f7f80000)
  from space 17920K, 90% used [0x00000000f9600000,0x00000000fa5cfd18,0x00000000fa780000)
  to   space 20480K, 0% used [0x00000000f7f80000,0x00000000f7f80000,0x00000000f9380000)
 ParOldGen       total 112128K, used 38020K [0x00000000c0000000, 0x00000000c6d80000, 0x00000000eab00000)
  object space 112128K, 33% used [0x00000000c0000000,0x00000000c2521108,0x00000000c6d80000)
 Metaspace       used 66552K, capacity 68454K, committed 68568K, reserved 1107968K
  class space    used 8879K, capacity 9370K, committed 9472K, reserved 1048576K
}
Event: 234.089 GC heap before
{Heap before GC invocations=22 (full 3):
 PSYoungGen      total 235520K, used 233791K [0x00000000eab00000, 0x00000000fa780000, 0x0000000100000000)
  eden space 217600K, 100% used [0x00000000eab00000,0x00000000f7f80000,0x00000000f7f80000)
  from space 17920K, 90% used [0x00000000f9600000,0x00000000fa5cfd18,0x00000000fa780000)
  to   space 20480K, 0% used [0x00000000f7f80000,0x00000000f7f80000,0x00000000f9380000)
 ParOldGen       total 112128K, used 38020K [0x00000000c0000000, 0x00000000c6d80000, 0x00000000eab00000)
  object space 112128K, 33% used [0x00000000c0000000,0x00000000c2521108,0x00000000c6d80000)
 Metaspace       used 74277K, capacity 76626K, committed 76760K, reserved 1116160K
  class space    used 9852K, capacity 10438K, committed 10496K, reserved 1048576K
Event: 234.184 GC heap after
Heap after GC invocations=22 (full 3):
 PSYoungGen      total 238080K, used 20448K [0x00000000eab00000, 0x00000000fdb80000, 0x0000000100000000)
  eden space 217600K, 0% used [0x00000000eab00000,0x00000000eab00000,0x00000000f7f80000)
  from space 20480K, 99% used [0x00000000f7f80000,0x00000000f93781d8,0x00000000f9380000)
  to   space 30720K, 0% used [0x00000000fbd80000,0x00000000fbd80000,0x00000000fdb80000)
 ParOldGen       total 112128K, used 56539K [0x00000000c0000000, 0x00000000c6d80000, 0x00000000eab00000)
  object space 112128K, 50% used [0x00000000c0000000,0x00000000c3736ef0,0x00000000c6d80000)
 Metaspace       used 74277K, capacity 76626K, committed 76760K, reserved 1116160K
  class space    used 9852K, capacity 10438K, committed 10496K, reserved 1048576K
}
Event: 236.589 GC heap before
{Heap before GC invocations=23 (full 3):
 PSYoungGen      total 238080K, used 238048K [0x00000000eab00000, 0x00000000fdb80000, 0x0000000100000000)
  eden space 217600K, 100% used [0x00000000eab00000,0x00000000f7f80000,0x00000000f7f80000)
  from space 20480K, 99% used [0x00000000f7f80000,0x00000000f93781d8,0x00000000f9380000)
  to   space 30720K, 0% used [0x00000000fbd80000,0x00000000fbd80000,0x00000000fdb80000)
 ParOldGen       total 112128K, used 56539K [0x00000000c0000000, 0x00000000c6d80000, 0x00000000eab00000)
  object space 112128K, 50% used [0x00000000c0000000,0x00000000c3736ef0,0x00000000c6d80000)
 Metaspace       used 75020K, capacity 77394K, committed 77656K, reserved 1116160K
  class space    used 9919K, capacity 10506K, committed 10624K, reserved 1048576K
Event: 236.701 GC heap after
Heap after GC invocations=23 (full 3):
 PSYoungGen      total 278016K, used 26387K [0x00000000eab00000, 0x00000000ff200000, 0x0000000100000000)
  eden space 247296K, 0% used [0x00000000eab00000,0x00000000eab00000,0x00000000f9c80000)
  from space 30720K, 85% used [0x00000000fbd80000,0x00000000fd744c58,0x00000000fdb80000)
  to   space 33792K, 0% used [0x00000000f9c80000,0x00000000f9c80000,0x00000000fbd80000)
 ParOldGen       total 112128K, used 56899K [0x00000000c0000000, 0x00000000c6d80000, 0x00000000eab00000)
  object space 112128K, 50% used [0x00000000c0000000,0x00000000c3790d90,0x00000000c6d80000)
 Metaspace       used 75020K, capacity 77394K, committed 77656K, reserved 1116160K
  class space    used 9919K, capacity 10506K, committed 10624K, reserved 1048576K
}

